Reading index-120319000.fits...
Got 6791 stars
Nside=1245.  Nside^2=1550025.  Number of healpixes=18600300.  Healpix side length ~ 2.82565 arcmin.
Star tree contains 6791 objects.
Healpix radius 119.882 arcsec, quad scale 120 arcsec, total 242.281 arcsec
Scanning 6791 input stars...
Will check 96 healpixes.
Pass 1 of 16.
Trying 96 healpixes.
...............................................................................
Made 94 quads (out of 96 healpixes) this pass.
Made 94 quads so far.
Merging quads...
Pass 2 of 16.
Trying 96 healpixes.
...............................................................................
Made 94 quads (out of 96 healpixes) this pass.
Made 188 quads so far.
Merging quads...
Pass 3 of 16.
Trying 96 healpixes.
...............................................................................
Made 94 quads (out of 96 healpixes) this pass.
Made 282 quads so far.
Merging quads...
Pass 4 of 16.
Trying 96 healpixes.
...............................................................................
Made 94 quads (out of 96 healpixes) this pass.
Made 376 quads so far.
Merging quads...
Pass 5 of 16.
Trying 96 healpixes.
...............................................................................
Made 92 quads (out of 96 healpixes) this pass.
Made 468 quads so far.
Merging quads...
Pass 6 of 16.
Trying 96 healpixes.
...............................................................................
Made 92 quads (out of 96 healpixes) this pass.
Made 560 quads so far.
Merging quads...
Pass 7 of 16.
Trying 96 healpixes.
...............................................................................
Made 92 quads (out of 96 healpixes) this pass.
Made 652 quads so far.
Merging quads...
Pass 8 of 16.
Trying 96 healpixes.
...............................................................................
Made 92 quads (out of 96 healpixes) this pass.
Made 744 quads so far.
Merging quads...
Pass 9 of 16.
Trying 96 healpixes.
...............................................................................
Made 91 quads (out of 96 healpixes) this pass.
Made 835 quads so far.
Merging quads...
Pass 10 of 16.
Trying 96 healpixes.
...............................................................................
Made 91 quads (out of 96 healpixes) this pass.
Made 926 quads so far.
Merging quads...
Pass 11 of 16.
Trying 96 healpixes.
...............................................................................
Made 91 quads (out of 96 healpixes) this pass.
Made 1017 quads so far.
Merging quads...
Pass 12 of 16.
Trying 96 healpixes.
...............................................................................
Made 91 quads (out of 96 healpixes) this pass.
Made 1108 quads so far.
Merging quads...
Pass 13 of 16.
Trying 96 healpixes.
...............................................................................
Made 91 quads (out of 96 healpixes) this pass.
Made 1199 quads so far.
Merging quads...
Pass 14 of 16.
Trying 96 healpixes.
...............................................................................
Made 91 quads (out of 96 healpixes) this pass.
Made 1290 quads so far.
Merging quads...
Pass 15 of 16.
Trying 96 healpixes.
...............................................................................
Made 91 quads (out of 96 healpixes) this pass.
Made 1381 quads so far.
Merging quads...
Pass 16 of 16.
Trying 96 healpixes.
...............................................................................
Made 91 quads (out of 96 healpixes) this pass.
Made 1472 quads so far.
Merging quads...
Loosening reuse maximum to 9...
Trying 64 healpixes.
...............................................................
Made 3 quads (out of 64 healpixes) this pass.
Loosening reuse maximum to 10...
Trying 61 healpixes.
............................................................
Made 3 quads (out of 61 healpixes) this pass.
Loosening reuse maximum to 11...
Trying 58 healpixes.
.........................................................
Made 3 quads (out of 58 healpixes) this pass.
Loosening reuse maximum to 12...
Trying 55 healpixes.
......................................................
Made 3 quads (out of 55 healpixes) this pass.
Loosening reuse maximum to 13...
Trying 52 healpixes.
...................................................
Made 1 quads (out of 52 healpixes) this pass.
Loosening reuse maximum to 14...
Trying 51 healpixes.
..................................................
Made 1 quads (out of 51 healpixes) this pass.
Loosening reuse maximum to 15...
Trying 50 healpixes.
.................................................
Made 1 quads (out of 50 healpixes) this pass.
Loosening reuse maximum to 16...
Trying 49 healpixes.
................................................
Made 1 quads (out of 49 healpixes) this pass.
Loosening reuse maximum to 17...
Trying 48 healpixes.
...............................................
Made 1 quads (out of 48 healpixes) this pass.
Loosening reuse maximum to 18...
Trying 47 healpixes.
..............................................
Made 1 quads (out of 47 healpixes) this pass.
Loosening reuse maximum to 19...
Trying 46 healpixes.
.............................................
Made 1 quads (out of 46 healpixes) this pass.
Loosening reuse maximum to 20...
Trying 45 healpixes.
............................................
Made 1 quads (out of 45 healpixes) this pass.
Writing quads...
Used 15.5176 s user, 0.766884 s system (16.2845 s total), 16.2865 s wall time since last check
Done.
Building code kdtree from 1492 codes
dim: 4
Building tree...
Done
Unpermute-quads...
Writing to file index-120319001.fits
