Reading index-120304000.fits...
Got 6955 stars
Nside=623.  Nside^2=388129.  Number of healpixes=4657548.  Healpix side length ~ 5.64677 arcmin.
Star tree contains 6955 objects.
Healpix radius 239.572 arcsec, quad scale 240 arcsec, total 484.368 arcsec
Scanning 6955 input stars...
Will check 28 healpixes.
Pass 1 of 16.
Trying 28 healpixes.
...........................
Made 26 quads (out of 28 healpixes) this pass.
Made 26 quads so far.
Merging quads...
Pass 2 of 16.
Trying 28 healpixes.
...........................
Made 26 quads (out of 28 healpixes) this pass.
Made 52 quads so far.
Merging quads...
Pass 3 of 16.
Trying 28 healpixes.
...........................
Made 26 quads (out of 28 healpixes) this pass.
Made 78 quads so far.
Merging quads...
Pass 4 of 16.
Trying 28 healpixes.
...........................
Made 26 quads (out of 28 healpixes) this pass.
Made 104 quads so far.
Merging quads...
Pass 5 of 16.
Trying 28 healpixes.
...........................
Made 26 quads (out of 28 healpixes) this pass.
Made 130 quads so far.
Merging quads...
Pass 6 of 16.
Trying 28 healpixes.
...........................
Made 26 quads (out of 28 healpixes) this pass.
Made 156 quads so far.
Merging quads...
Pass 7 of 16.
Trying 28 healpixes.
...........................
Made 26 quads (out of 28 healpixes) this pass.
Made 182 quads so far.
Merging quads...
Pass 8 of 16.
Trying 28 healpixes.
...........................
Made 26 quads (out of 28 healpixes) this pass.
Made 208 quads so far.
Merging quads...
Pass 9 of 16.
Trying 28 healpixes.
...........................
Made 26 quads (out of 28 healpixes) this pass.
Made 234 quads so far.
Merging quads...
Pass 10 of 16.
Trying 28 healpixes.
...........................
Made 26 quads (out of 28 healpixes) this pass.
Made 260 quads so far.
Merging quads...
Pass 11 of 16.
Trying 28 healpixes.
...........................
Made 26 quads (out of 28 healpixes) this pass.
Made 286 quads so far.
Merging quads...
Pass 12 of 16.
Trying 28 healpixes.
...........................
Made 26 quads (out of 28 healpixes) this pass.
Made 312 quads so far.
Merging quads...
Pass 13 of 16.
Trying 28 healpixes.
...........................
Made 26 quads (out of 28 healpixes) this pass.
Made 338 quads so far.
Merging quads...
Pass 14 of 16.
Trying 28 healpixes.
...........................
Made 26 quads (out of 28 healpixes) this pass.
Made 364 quads so far.
Merging quads...
Pass 15 of 16.
Trying 28 healpixes.
...........................
Made 26 quads (out of 28 healpixes) this pass.
Made 390 quads so far.
Merging quads...
Pass 16 of 16.
Trying 28 healpixes.
...........................
Made 26 quads (out of 28 healpixes) this pass.
Made 416 quads so far.
Merging quads...
Loosening reuse maximum to 9...
Trying 32 healpixes.
...............................
Made 0 quads (out of 32 healpixes) this pass.
Loosening reuse maximum to 10...
Trying 32 healpixes.
...............................
Made 0 quads (out of 32 healpixes) this pass.
Loosening reuse maximum to 11...
Trying 32 healpixes.
...............................
Made 0 quads (out of 32 healpixes) this pass.
Loosening reuse maximum to 12...
Trying 32 healpixes.
...............................
Made 0 quads (out of 32 healpixes) this pass.
Loosening reuse maximum to 13...
Trying 32 healpixes.
...............................
Made 0 quads (out of 32 healpixes) this pass.
Loosening reuse maximum to 14...
Trying 32 healpixes.
...............................
Made 0 quads (out of 32 healpixes) this pass.
Loosening reuse maximum to 15...
Trying 32 healpixes.
...............................
Made 0 quads (out of 32 healpixes) this pass.
Loosening reuse maximum to 16...
Trying 32 healpixes.
...............................
Made 0 quads (out of 32 healpixes) this pass.
Loosening reuse maximum to 17...
Trying 32 healpixes.
...............................
Made 0 quads (out of 32 healpixes) this pass.
Loosening reuse maximum to 18...
Trying 32 healpixes.
...............................
Made 0 quads (out of 32 healpixes) this pass.
Loosening reuse maximum to 19...
Trying 32 healpixes.
...............................
Made 0 quads (out of 32 healpixes) this pass.
Loosening reuse maximum to 20...
Trying 32 healpixes.
...............................
Made 0 quads (out of 32 healpixes) this pass.
Writing quads...
Used 94.2297 s user, 1.74273 s system (95.9724 s total), 97.1472 s wall time since last check
Done.
Building code kdtree from 416 codes
dim: 4
Building tree...
Done
Unpermute-quads...
Writing to file index-120304003.fits
