Reading index-120304000.fits...
Got 6955 stars
Nside=880.  Nside^2=774400.  Number of healpixes=9292800.  Healpix side length ~ 3.99766 arcmin.
Star tree contains 6955 objects.
Healpix radius 169.606 arcsec, quad scale 168 arcsec, total 340.982 arcsec
Scanning 6955 input stars...
Will check 54 healpixes.
Pass 1 of 16.
Trying 54 healpixes.
.....................................................
Made 50 quads (out of 54 healpixes) this pass.
Made 50 quads so far.
Merging quads...
Pass 2 of 16.
Trying 54 healpixes.
.....................................................
Made 50 quads (out of 54 healpixes) this pass.
Made 100 quads so far.
Merging quads...
Pass 3 of 16.
Trying 54 healpixes.
.....................................................
Made 50 quads (out of 54 healpixes) this pass.
Made 150 quads so far.
Merging quads...
Pass 4 of 16.
Trying 54 healpixes.
.....................................................
Made 50 quads (out of 54 healpixes) this pass.
Made 200 quads so far.
Merging quads...
Pass 5 of 16.
Trying 54 healpixes.
.....................................................
Made 50 quads (out of 54 healpixes) this pass.
Made 250 quads so far.
Merging quads...
Pass 6 of 16.
Trying 54 healpixes.
.....................................................
Made 50 quads (out of 54 healpixes) this pass.
Made 300 quads so far.
Merging quads...
Pass 7 of 16.
Trying 54 healpixes.
.....................................................
Made 50 quads (out of 54 healpixes) this pass.
Made 350 quads so far.
Merging quads...
Pass 8 of 16.
Trying 54 healpixes.
.....................................................
Made 50 quads (out of 54 healpixes) this pass.
Made 400 quads so far.
Merging quads...
Pass 9 of 16.
Trying 54 healpixes.
.....................................................
Made 50 quads (out of 54 healpixes) this pass.
Made 450 quads so far.
Merging quads...
Pass 10 of 16.
Trying 54 healpixes.
.....................................................
Made 50 quads (out of 54 healpixes) this pass.
Made 500 quads so far.
Merging quads...
Pass 11 of 16.
Trying 54 healpixes.
.....................................................
Made 50 quads (out of 54 healpixes) this pass.
Made 550 quads so far.
Merging quads...
Pass 12 of 16.
Trying 54 healpixes.
.....................................................
Made 50 quads (out of 54 healpixes) this pass.
Made 600 quads so far.
Merging quads...
Pass 13 of 16.
Trying 54 healpixes.
.....................................................
Made 50 quads (out of 54 healpixes) this pass.
Made 650 quads so far.
Merging quads...
Pass 14 of 16.
Trying 54 healpixes.
.....................................................
Made 50 quads (out of 54 healpixes) this pass.
Made 700 quads so far.
Merging quads...
Pass 15 of 16.
Trying 54 healpixes.
.....................................................
Made 50 quads (out of 54 healpixes) this pass.
Made 750 quads so far.
Merging quads...
Pass 16 of 16.
Trying 54 healpixes.
.....................................................
Made 50 quads (out of 54 healpixes) this pass.
Made 800 quads so far.
Merging quads...
Loosening reuse maximum to 9...
Trying 64 healpixes.
...............................................................
Made 0 quads (out of 64 healpixes) this pass.
Loosening reuse maximum to 10...
Trying 64 healpixes.
...............................................................
Made 0 quads (out of 64 healpixes) this pass.
Loosening reuse maximum to 11...
Trying 64 healpixes.
...............................................................
Made 0 quads (out of 64 healpixes) this pass.
Loosening reuse maximum to 12...
Trying 64 healpixes.
...............................................................
Made 0 quads (out of 64 healpixes) this pass.
Loosening reuse maximum to 13...
Trying 64 healpixes.
...............................................................
Made 0 quads (out of 64 healpixes) this pass.
Loosening reuse maximum to 14...
Trying 64 healpixes.
...............................................................
Made 0 quads (out of 64 healpixes) this pass.
Loosening reuse maximum to 15...
Trying 64 healpixes.
...............................................................
Made 0 quads (out of 64 healpixes) this pass.
Loosening reuse maximum to 16...
Trying 64 healpixes.
...............................................................
Made 0 quads (out of 64 healpixes) this pass.
Loosening reuse maximum to 17...
Trying 64 healpixes.
...............................................................
Made 0 quads (out of 64 healpixes) this pass.
Loosening reuse maximum to 18...
Trying 64 healpixes.
...............................................................
Made 0 quads (out of 64 healpixes) this pass.
Loosening reuse maximum to 19...
Trying 64 healpixes.
...............................................................
Made 0 quads (out of 64 healpixes) this pass.
Loosening reuse maximum to 20...
Trying 64 healpixes.
...............................................................
Made 0 quads (out of 64 healpixes) this pass.
Writing quads...
Used 15.8836 s user, 1.37079 s system (17.2544 s total), 18.0761 s wall time since last check
Done.
Building code kdtree from 800 codes
dim: 4
Building tree...
Done
Unpermute-quads...
Writing to file index-120304002.fits
